5493812010781:ENCOLADO ans_d2d4e835-2cf1-42bc-a96d-ca7b8ab1458f
EJECUTANDO:ans_d2d4e835-2cf1-42bc-a96d-ca7b8ab1458f
5493812010781:SUCCESS
5493812010781:ENCOLADO ans_a31b784f-0ace-4e22-b1f8-e1ec046b886f
EJECUTANDO:ans_a31b784f-0ace-4e22-b1f8-e1ec046b886f
5493812010781:SUCCESS
5493812010781:ENCOLADO ans_89f07790-8e37-496f-9e15-1480156b6f0f
EJECUTANDO:ans_89f07790-8e37-496f-9e15-1480156b6f0f
5493812010781:SUCCESS
5493812010781:ENCOLADO ans_d2d4e835-2cf1-42bc-a96d-ca7b8ab1458f
EJECUTANDO:ans_d2d4e835-2cf1-42bc-a96d-ca7b8ab1458f
5493812010781:SUCCESS
5493812010781:ENCOLADO ans_d2d4e835-2cf1-42bc-a96d-ca7b8ab1458f
EJECUTANDO:ans_d2d4e835-2cf1-42bc-a96d-ca7b8ab1458f
5493812010781:SUCCESS
5493812010781:ENCOLADO ans_d2d4e835-2cf1-42bc-a96d-ca7b8ab1458f
EJECUTANDO:ans_d2d4e835-2cf1-42bc-a96d-ca7b8ab1458f
5493812010781:SUCCESS
5493812010781:ENCOLADO ans_cd85e4c7-3fbf-4385-9392-79beae50a398
EJECUTANDO:ans_cd85e4c7-3fbf-4385-9392-79beae50a398
5493812010781:SUCCESS
5493812010781:ENCOLADO ans_1ad0d899-f446-40c5-abfa-bb67650e3614
EJECUTANDO:ans_1ad0d899-f446-40c5-abfa-bb67650e3614
5493812010781:SUCCESS
5493812010781:ENCOLADO ans_d2d4e835-2cf1-42bc-a96d-ca7b8ab1458f
EJECUTANDO:ans_d2d4e835-2cf1-42bc-a96d-ca7b8ab1458f
5493812010781:SUCCESS
5493812010781:ENCOLADO ans_d2d4e835-2cf1-42bc-a96d-ca7b8ab1458f
EJECUTANDO:ans_d2d4e835-2cf1-42bc-a96d-ca7b8ab1458f
5493812010781:SUCCESS
5493812010781:ENCOLADO ans_d2d4e835-2cf1-42bc-a96d-ca7b8ab1458f
EJECUTANDO:ans_d2d4e835-2cf1-42bc-a96d-ca7b8ab1458f
5493812010781:SUCCESS
